<?xml version="1.0" encoding="UTF-8"?>
<!-- Generated by org.testng.reporters.JUnitReportReporter -->
<testsuite hostname="DESKTOP-OS617JJ" failures="0" tests="1" name="org.ait.hero.ImagesTest" time="14.020" errors="0" timestamp="2023-10-13T20:28:40 MESZ" skipped="0">
  <testcase classname="org.ait.hero.ImagesTest" name="checkBrokenImages" time="14.020"/>
</testsuite> <!-- org.ait.hero.ImagesTest -->
